Using pre-set license
Built from '2022.3/staging' branch; Version is '2022.3.27f1 (73effa14754f) revision 7598074'; Using compiler version '192829333'; Build Type 'Release'
OS: 'Windows 11  (10.0.22631) 64bit Core' Language: 'en' Physical Memory: 32452 MB
BatchMode: 1, IsHumanControllingUs: 0, StartBugReporterOnCrash: 0, Is64bit: 1, IsPro: 1

COMMAND LINE ARGUMENTS:
C:\Program Files\Unity 2022.3.27f1\Editor\Unity.exe
-adb2
-batchMode
-noUpm
-name
AssetImportWorker0
-projectPath
C:/Users/lukas/Documents/CS3540/SpaghettiWestern/3540 Final
-logFile
Logs/AssetImportWorker0.log
-srvPort
63367
Successfully changed project path to: C:/Users/lukas/Documents/CS3540/SpaghettiWestern/3540 Final
C:/Users/lukas/Documents/CS3540/SpaghettiWestern/3540 Final
[UnityMemory] Configuration Parameters - Can be set up in boot.config
    "memorysetup-bucket-allocator-granularity=16"
    "memorysetup-bucket-allocator-bucket-count=8"
    "memorysetup-bucket-allocator-block-size=33554432"
    "memorysetup-bucket-allocator-block-count=8"
    "memorysetup-main-allocator-block-size=16777216"
    "memorysetup-thread-allocator-block-size=16777216"
    "memorysetup-gfx-main-allocator-block-size=16777216"
    "memorysetup-gfx-thread-allocator-block-size=16777216"
    "memorysetup-cache-allocator-block-size=4194304"
    "memorysetup-typetree-allocator-block-size=2097152"
    "memorysetup-profiler-bucket-allocator-granularity=16"
    "memorysetup-profiler-bucket-allocator-bucket-count=8"
    "memorysetup-profiler-bucket-allocator-block-size=33554432"
    "memorysetup-profiler-bucket-allocator-block-count=8"
    "memorysetup-profiler-allocator-block-size=16777216"
    "memorysetup-profiler-editor-allocator-block-size=1048576"
    "memorysetup-temp-allocator-size-main=16777216"
    "memorysetup-job-temp-allocator-block-size=2097152"
    "memorysetup-job-temp-allocator-block-size-background=1048576"
    "memorysetup-job-temp-allocator-reduction-small-platforms=262144"
    "memorysetup-allocator-temp-initial-block-size-main=262144"
    "memorysetup-allocator-temp-initial-block-size-worker=262144"
    "memorysetup-temp-allocator-size-background-worker=32768"
    "memorysetup-temp-allocator-size-job-worker=262144"
    "memorysetup-temp-allocator-size-preload-manager=33554432"
    "memorysetup-temp-allocator-size-nav-mesh-worker=65536"
    "memorysetup-temp-allocator-size-audio-worker=65536"
    "memorysetup-temp-allocator-size-cloud-worker=32768"
    "memorysetup-temp-allocator-size-gi-baking-worker=262144"
    "memorysetup-temp-allocator-size-gfx=262144"
Player connection [33872] Host "[IP] 192.168.1.134 [Port] 0 [Flags] 2 [Guid] 1906560638 [EditorId] 1906560638 [Version] 1048832 [Id] WindowsEditor(7,DESKTOP-IAOBBB9) [Debug] 1 [PackageName] WindowsEditor [ProjectName] Editor" joined multi-casting on [225.0.0.222:54997]...

Player connection [33872] Host "[IP] 192.168.1.134 [Port] 0 [Flags] 2 [Guid] 1906560638 [EditorId] 1906560638 [Version] 1048832 [Id] WindowsEditor(7,DESKTOP-IAOBBB9) [Debug] 1 [PackageName] WindowsEditor [ProjectName] Editor" joined alternative multi-casting on [225.0.0.222:34997]...

[Physics::Module] Initialized MultithreadedJobDispatcher with 19 workers.
Refreshing native plugins compatible for Editor in 11.53 ms, found 3 plugins.
Preloading 0 native plugins for Editor in 0.00 ms.
Initialize engine version: 2022.3.27f1 (73effa14754f)
[Subsystems] Discovering subsystems at path C:/Program Files/Unity 2022.3.27f1/Editor/Data/Resources/UnitySubsystems
[Subsystems] Discovering subsystems at path C:/Users/lukas/Documents/CS3540/SpaghettiWestern/3540 Final/Assets
GfxDevice: creating device client; threaded=0; jobified=0
Direct3D:
    Version:  Direct3D 11.0 [level 11.1]
    Renderer: NVIDIA GeForce RTX 3070 Ti Laptop GPU (ID=0x24e0)
    Vendor:   NVIDIA
    VRAM:     8032 MB
    Driver:   31.0.15.3623
Initialize mono
Mono path[0] = 'C:/Program Files/Unity 2022.3.27f1/Editor/Data/Managed'
Mono path[1] = 'C:/Program Files/Unity 2022.3.27f1/Editor/Data/MonoBleedingEdge/lib/mono/unityjit-win32'
Mono config path = 'C:/Program Files/Unity 2022.3.27f1/Editor/Data/MonoBleedingEdge/etc'
Using monoOptions --debugger-agent=transport=dt_socket,embedding=1,server=y,suspend=n,address=127.0.0.1:56216
Begin MonoManager ReloadAssembly
Registering precompiled unity dll's ...
Register platform support module: C:/Program Files/Unity 2022.3.27f1/Editor/Data/PlaybackEngines/WebGLSupport/UnityEditor.WebGL.Extensions.dll
Register platform support module: C:/Program Files/Unity 2022.3.27f1/Editor/Data/PlaybackEngines/WindowsStandaloneSupport/UnityEditor.WindowsStandalone.Extensions.dll
Registered in 0.005826 seconds.
- Loaded All Assemblies, in  0.344 seconds
Native extension for WindowsStandalone target not found
Native extension for WebGL target not found
Mono: successfully reloaded assembly
- Finished resetting the current domain, in  0.263 seconds
Domain Reload Profiling: 606ms
	BeginReloadAssembly (105ms)
		ExecutionOrderSort (0ms)
		DisableScriptedObjects (0ms)
		BackupInstance (0ms)
		ReleaseScriptingObjects (0ms)
		CreateAndSetChildDomain (1ms)
	RebuildCommonClasses (34ms)
	RebuildNativeTypeToScriptingClass (14ms)
	initialDomainReloadingComplete (53ms)
	LoadAllAssembliesAndSetupDomain (136ms)
		LoadAssemblies (103ms)
		RebuildTransferFunctionScriptingTraits (0ms)
		AnalyzeDomain (134ms)
			TypeCache.Refresh (132ms)
				TypeCache.ScanAssembly (119ms)
			ScanForSourceGeneratedMonoScriptInfo (0ms)
			ResolveRequiredComponents (1ms)
	FinalizeReload (263ms)
		ReleaseScriptCaches (0ms)
		RebuildScriptCaches (0ms)
		SetupLoadedEditorAssemblies (209ms)
			LogAssemblyErrors (0ms)
			InitializePlatformSupportModulesInManaged (9ms)
			SetLoadedEditorAssemblies (5ms)
			RefreshPlugins (0ms)
			BeforeProcessingInitializeOnLoad (2ms)
			ProcessInitializeOnLoadAttributes (143ms)
			ProcessInitializeOnLoadMethodAttributes (50ms)
			AfterProcessingInitializeOnLoad (0ms)
			EditorAssembliesLoaded (0ms)
		ExecutionOrderSort2 (0ms)
		AwakeInstancesAfterBackupRestoration (0ms)
========================================================================
Worker process is ready to serve import requests
Begin MonoManager ReloadAssembly
- Loaded All Assemblies, in  0.592 seconds
Refreshing native plugins compatible for Editor in 2.53 ms, found 3 plugins.
Native extension for WindowsStandalone target not found
Native extension for WebGL target not found
Package Manager log level set to [2]
[Package Manager] Server::EnsureServerProcessIsRunning -- launch failed, reason: Unity was launched with the -noUpm command-line argument
[Package Manager] UpmClient::Send -- Unable to send message (not connected to UPM process).
[Package Manager] Cannot connect to Unity Package Manager local server
Mono: successfully reloaded assembly
- Finished resetting the current domain, in  0.562 seconds
Domain Reload Profiling: 1152ms
	BeginReloadAssembly (144ms)
		ExecutionOrderSort (0ms)
		DisableScriptedObjects (6ms)
		BackupInstance (0ms)
		ReleaseScriptingObjects (0ms)
		CreateAndSetChildDomain (22ms)
	RebuildCommonClasses (31ms)
	RebuildNativeTypeToScriptingClass (10ms)
	initialDomainReloadingComplete (38ms)
	LoadAllAssembliesAndSetupDomain (367ms)
		LoadAssemblies (281ms)
		RebuildTransferFunctionScriptingTraits (0ms)
		AnalyzeDomain (167ms)
			TypeCache.Refresh (150ms)
				TypeCache.ScanAssembly (137ms)
			ScanForSourceGeneratedMonoScriptInfo (12ms)
			ResolveRequiredComponents (4ms)
	FinalizeReload (562ms)
		ReleaseScriptCaches (0ms)
		RebuildScriptCaches (0ms)
		SetupLoadedEditorAssemblies (419ms)
			LogAssemblyErrors (0ms)
			InitializePlatformSupportModulesInManaged (6ms)
			SetLoadedEditorAssemblies (5ms)
			RefreshPlugins (0ms)
			BeforeProcessingInitializeOnLoad (58ms)
			ProcessInitializeOnLoadAttributes (326ms)
			ProcessInitializeOnLoadMethodAttributes (18ms)
			AfterProcessingInitializeOnLoad (5ms)
			EditorAssembliesLoaded (0ms)
		ExecutionOrderSort2 (0ms)
		AwakeInstancesAfterBackupRestoration (8ms)
Launched and connected shader compiler UnityShaderCompiler.exe after 0.08 seconds
Refreshing native plugins compatible for Editor in 2.96 ms, found 3 plugins.
Preloading 0 native plugins for Editor in 0.00 ms.
Unloading 3102 Unused Serialized files (Serialized files now loaded: 0)
Unloading 33 unused Assets / (57.5 KB). Loaded Objects now: 3565.
Memory consumption went from 122.2 MB to 122.2 MB.
Total: 4.482200 ms (FindLiveObjects: 0.294700 ms CreateObjectMapping: 0.164000 ms MarkObjects: 3.896300 ms  DeleteObjects: 0.125700 ms)

AssetImportParameters requested are different than current active one (requested -> active):
  custom:container-demuxer-ogg: 62fdf1f143b41e24485cea50d1cbac27 -> 
  custom:video-codec-MediaFoundation-h265: 746d11721c4dcdbdad8f713fa42b33f4 -> 
  custom:video-decoder-ogg-theora: a1e56fd34408186e4bbccfd4996cb3dc -> 
  custom:framework-win-MediaFoundation: 216162199b28c13a410421893ffa2e32 -> 
  custom:CustomObjectIndexerAttribute: 9a22284fe3817be447336de3de66b15e -> 
  custom:container-demuxer-webm: 4f35f7cbe854078d1ac9338744f61a02 -> 
  custom:container-muxer-webm: aa71ff27fc2769a1b78a27578f13a17b -> 
  custom:video-decoder-webm-vp8: 9c59270c3fd7afecdb556c50c9e8de78 -> 
  custom:SearchIndexIgnoredProperties: e643bd26f0fe6173181afceb89e7c659 -> 
  custom:AudioImporter_EditorPlatform: d09bf68614088b80899f8185d706f6e7 -> 
  custom:video-encoder-webm-vp8: eb34c28f22e8b96e1ab97ce403110664 -> 
  custom:audio-decoder-ogg-vorbis: bf7c407c2cedff20999df2af8eb42d56 -> 
  custom:audio-encoder-webm-vorbis: bf7c407c2cedff20999df2af8eb42d56 -> 
========================================================================
Received Import Request.
  Time since last request: 266294.044456 seconds.
  path: Assets/PolygonWestern/Prefabs/Weapons/SM_Wep_Revolver_01.prefab
  artifactKey: Guid(146c5256fc521374c91ca33fc98e9603) Importer(815301076,1909f56bfc062723c751e8b465ee728b)
Start importing Assets/PolygonWestern/Prefabs/Weapons/SM_Wep_Revolver_01.prefab using Guid(146c5256fc521374c91ca33fc98e9603) Importer(815301076,1909f56bfc062723c751e8b465ee728b)  -> (artifact id: '45db0041d670c15df1ea30aea6d828c7') in 0.179184 seconds
Number of updated asset objects reloaded before import = 0
Number of asset objects unloaded after import = 26
========================================================================
Received Import Request.
  Time since last request: 30.970507 seconds.
  path: Assets/PolygonWestern/Prefabs/Weapons/SM_Wep_Revolver_02.prefab
  artifactKey: Guid(06d5955ec0ad0a647971bfeea7cd9f8a) Importer(815301076,1909f56bfc062723c751e8b465ee728b)
Start importing Assets/PolygonWestern/Prefabs/Weapons/SM_Wep_Revolver_02.prefab using Guid(06d5955ec0ad0a647971bfeea7cd9f8a) Importer(815301076,1909f56bfc062723c751e8b465ee728b)  -> (artifact id: 'fc0782b4032bc05b02d98cbb5a3f952a') in 0.026460 seconds
Number of updated asset objects reloaded before import = 0
Number of asset objects unloaded after import = 26
========================================================================
Received Import Request.
  Time since last request: 12.000662 seconds.
  path: Assets/PolygonWestern/Prefabs/Weapons/SM_Wep_Revolver_02.prefab
  artifactKey: Guid(06d5955ec0ad0a647971bfeea7cd9f8a) Importer(815301076,1909f56bfc062723c751e8b465ee728b)
Start importing Assets/PolygonWestern/Prefabs/Weapons/SM_Wep_Revolver_02.prefab using Guid(06d5955ec0ad0a647971bfeea7cd9f8a) Importer(815301076,1909f56bfc062723c751e8b465ee728b)  -> (artifact id: 'c5d5b1a995867c865253ec4694a5c3d4') in 0.014686 seconds
Number of updated asset objects reloaded before import = 0
Number of asset objects unloaded after import = 26
========================================================================
Received Import Request.
  Time since last request: 5.658533 seconds.
  path: Assets/PolygonWestern/Prefabs/Weapons/SM_Wep_Revolver_02.prefab
  artifactKey: Guid(06d5955ec0ad0a647971bfeea7cd9f8a) Importer(815301076,1909f56bfc062723c751e8b465ee728b)
Start importing Assets/PolygonWestern/Prefabs/Weapons/SM_Wep_Revolver_02.prefab using Guid(06d5955ec0ad0a647971bfeea7cd9f8a) Importer(815301076,1909f56bfc062723c751e8b465ee728b)  -> (artifact id: 'ff98624007ecc575a452fc583991167e') in 0.027902 seconds
Number of updated asset objects reloaded before import = 0
Number of asset objects unloaded after import = 26
========================================================================
Received Import Request.
  Time since last request: 6.736657 seconds.
  path: Assets/PolygonWestern/Models/SM_Prop_Tin_03.fbx
  artifactKey: Guid(99d74cc1ecd1f8042975979b7f8023ee) Importer(815301076,1909f56bfc062723c751e8b465ee728b)
Start importing Assets/PolygonWestern/Models/SM_Prop_Tin_03.fbx using Guid(99d74cc1ecd1f8042975979b7f8023ee) Importer(815301076,1909f56bfc062723c751e8b465ee728b)  -> (artifact id: 'de6180fa75b050d088b29b75d0b2b26e') in 0.029021 seconds
Number of updated asset objects reloaded before import = 0
Number of asset objects unloaded after import = 7
========================================================================
Received Import Request.
  Time since last request: 0.000017 seconds.
  path: Assets/PolygonWestern/Models/SM_Prop_Vegetables_Box_03.fbx
  artifactKey: Guid(12d57ccd620873343809e8264b5d7967) Importer(815301076,1909f56bfc062723c751e8b465ee728b)
Start importing Assets/PolygonWestern/Models/SM_Prop_Vegetables_Box_03.fbx using Guid(12d57ccd620873343809e8264b5d7967) Importer(815301076,1909f56bfc062723c751e8b465ee728b)  -> (artifact id: '76e5b3957896a4cf27f4d75540f70dbb') in 0.021506 seconds
Number of updated asset objects reloaded before import = 0
Number of asset objects unloaded after import = 7
========================================================================
Received Import Request.
  Time since last request: 0.000015 seconds.
  path: Assets/PolygonWestern/Models/SM_Prop_WaterTrough_01.fbx
  artifactKey: Guid(4a17ba37dd757bf4d8446aad4ef40659) Importer(815301076,1909f56bfc062723c751e8b465ee728b)
Start importing Assets/PolygonWestern/Models/SM_Prop_WaterTrough_01.fbx using Guid(4a17ba37dd757bf4d8446aad4ef40659) Importer(815301076,1909f56bfc062723c751e8b465ee728b)  -> (artifact id: '521416d8cbf2909f74656b4cf33b2829') in 0.028509 seconds
Number of updated asset objects reloaded before import = 0
Number of asset objects unloaded after import = 12
========================================================================
Received Import Request.
  Time since last request: 0.000016 seconds.
  path: Assets/PolygonWestern/Models/SM_Veh_Stagecoach_01.fbx
  artifactKey: Guid(31df0c18789189b4baff448d1eeba89d) Importer(815301076,1909f56bfc062723c751e8b465ee728b)
Start importing Assets/PolygonWestern/Models/SM_Veh_Stagecoach_01.fbx using Guid(31df0c18789189b4baff448d1eeba89d) Importer(815301076,1909f56bfc062723c751e8b465ee728b)  -> (artifact id: 'dc5709c620834ac1ef8887d911982392') in 0.064345 seconds
Number of updated asset objects reloaded before import = 0
Number of asset objects unloaded after import = 42
========================================================================
Received Import Request.
  Time since last request: 0.000022 seconds.
  path: Assets/PolygonWestern/Models/SM_Veh_Train_01.fbx
  artifactKey: Guid(f4ef47442960c8f418dc6d627fd7fccd) Importer(815301076,1909f56bfc062723c751e8b465ee728b)
Start importing Assets/PolygonWestern/Models/SM_Veh_Train_01.fbx using Guid(f4ef47442960c8f418dc6d627fd7fccd) Importer(815301076,1909f56bfc062723c751e8b465ee728b)  -> (artifact id: '42ec8f2731334df6a5f8a4117e3bcf82') in 0.112475 seconds
Number of updated asset objects reloaded before import = 0
Number of asset objects unloaded after import = 72
========================================================================
Received Import Request.
  Time since last request: 0.000017 seconds.
  path: Assets/PolygonWestern/Models/SM_Veh_Cart_01.fbx
  artifactKey: Guid(31182badf6f318447a3c36d11c544025) Importer(815301076,1909f56bfc062723c751e8b465ee728b)
Start importing Assets/PolygonWestern/Models/SM_Veh_Cart_01.fbx using Guid(31182badf6f318447a3c36d11c544025) Importer(815301076,1909f56bfc062723c751e8b465ee728b)  -> (artifact id: 'e591dcab5ec9cc4014ecffe43f737c54') in 0.027495 seconds
Number of updated asset objects reloaded before import = 0
Number of asset objects unloaded after import = 12
========================================================================
Received Import Request.
  Time since last request: 1928.160878 seconds.
  path: Assets/PolygonWestern/Models/SM_Prop_Loghalf_01.fbx
  artifactKey: Guid(59f79d8fdee88d746b2b2524b014a927) Importer(815301076,1909f56bfc062723c751e8b465ee728b)
Start importing Assets/PolygonWestern/Models/SM_Prop_Loghalf_01.fbx using Guid(59f79d8fdee88d746b2b2524b014a927) Importer(815301076,1909f56bfc062723c751e8b465ee728b)  -> (artifact id: 'a28834e2ab5bb5e99bde761043609db1') in 0.030841 seconds
Number of updated asset objects reloaded before import = 0
Number of asset objects unloaded after import = 7
========================================================================
Received Import Request.
  Time since last request: 0.000020 seconds.
  path: Assets/PolygonWestern/Models/SM_Prop_Rope_03.fbx
  artifactKey: Guid(5435ebbb571f71a45bfb0fa0feaaf5c1) Importer(815301076,1909f56bfc062723c751e8b465ee728b)
Start importing Assets/PolygonWestern/Models/SM_Prop_Rope_03.fbx using Guid(5435ebbb571f71a45bfb0fa0feaaf5c1) Importer(815301076,1909f56bfc062723c751e8b465ee728b)  -> (artifact id: '44102cb9cb1c905692a69011b20753e0') in 0.022315 seconds
Number of updated asset objects reloaded before import = 0
Number of asset objects unloaded after import = 7
========================================================================
Received Import Request.
  Time since last request: 0.000033 seconds.
  path: Assets/PolygonWestern/Models/SM_Prop_Stool_Round_01.fbx
  artifactKey: Guid(2836a48da2671ff4ab160efc78b38b07) Importer(815301076,1909f56bfc062723c751e8b465ee728b)
Start importing Assets/PolygonWestern/Models/SM_Prop_Stool_Round_01.fbx using Guid(2836a48da2671ff4ab160efc78b38b07) Importer(815301076,1909f56bfc062723c751e8b465ee728b)  -> (artifact id: 'b9e83ba3130ca440272c80befbca558c') in 0.021431 seconds
Number of updated asset objects reloaded before import = 0
Number of asset objects unloaded after import = 7
========================================================================
Received Import Request.
  Time since last request: 0.000059 seconds.
  path: Assets/PolygonWestern/Models/SM_Prop_Table_Vegetables_01.fbx
  artifactKey: Guid(fba90fa6279d0984d87ddd8a32fc7a0e) Importer(815301076,1909f56bfc062723c751e8b465ee728b)
Start importing Assets/PolygonWestern/Models/SM_Prop_Table_Vegetables_01.fbx using Guid(fba90fa6279d0984d87ddd8a32fc7a0e) Importer(815301076,1909f56bfc062723c751e8b465ee728b)  -> (artifact id: '622b50099f8a7184881e527bbf92d49d') in 0.027669 seconds
Number of updated asset objects reloaded before import = 0
Number of asset objects unloaded after import = 7
========================================================================
Received Import Request.
  Time since last request: 0.000062 seconds.
  path: Assets/PolygonWestern/Models/SM_Prop_Suitcase_02.fbx
  artifactKey: Guid(43c62f0255b93994183387f89447dd1f) Importer(815301076,1909f56bfc062723c751e8b465ee728b)
Start importing Assets/PolygonWestern/Models/SM_Prop_Suitcase_02.fbx using Guid(43c62f0255b93994183387f89447dd1f) Importer(815301076,1909f56bfc062723c751e8b465ee728b)  -> (artifact id: '33fd5bc49057c647a214b2ba7e446bad') in 0.037039 seconds
Number of updated asset objects reloaded before import = 0
Number of asset objects unloaded after import = 12
========================================================================
Received Import Request.
  Time since last request: 0.000150 seconds.
  path: Assets/PolygonWestern/Models/SM_Prop_Saloon_Swinging_Doors_01.fbx
  artifactKey: Guid(b52a255610f9fa944b2abd969aede17b) Importer(815301076,1909f56bfc062723c751e8b465ee728b)
Start importing Assets/PolygonWestern/Models/SM_Prop_Saloon_Swinging_Doors_01.fbx using Guid(b52a255610f9fa944b2abd969aede17b) Importer(815301076,1909f56bfc062723c751e8b465ee728b)  -> (artifact id: 'e851eb4fe2e7bcd0839c0526f8cb0ab9') in 0.024128 seconds
Number of updated asset objects reloaded before import = 0
Number of asset objects unloaded after import = 7
========================================================================
Received Import Request.
  Time since last request: 0.000020 seconds.
  path: Assets/PolygonWestern/Models/SM_Prop_Sack_01.fbx
  artifactKey: Guid(fbeb74b4e3da95745b6a12a3c307dc09) Importer(815301076,1909f56bfc062723c751e8b465ee728b)
Start importing Assets/PolygonWestern/Models/SM_Prop_Sack_01.fbx using Guid(fbeb74b4e3da95745b6a12a3c307dc09) Importer(815301076,1909f56bfc062723c751e8b465ee728b)  -> (artifact id: '26512238020f3e72312c3a2d33ca6d3f') in 0.023119 seconds
Number of updated asset objects reloaded before import = 0
Number of asset objects unloaded after import = 7
========================================================================
Received Import Request.
  Time since last request: 0.000021 seconds.
  path: Assets/PolygonWestern/Models/SM_Prop_MooseHead_01.fbx
  artifactKey: Guid(e26d55ec83d857544a59b730ccaf352e) Importer(815301076,1909f56bfc062723c751e8b465ee728b)
Start importing Assets/PolygonWestern/Models/SM_Prop_MooseHead_01.fbx using Guid(e26d55ec83d857544a59b730ccaf352e) Importer(815301076,1909f56bfc062723c751e8b465ee728b)  -> (artifact id: '51ce4e8edb5b7f7e19c1f5af93377d2e') in 0.024266 seconds
Number of updated asset objects reloaded before import = 0
Number of asset objects unloaded after import = 7
========================================================================
Received Import Request.
  Time since last request: 0.000176 seconds.
  path: Assets/PolygonWestern/Models/SM_Prop_Sack_03.fbx
  artifactKey: Guid(d4c05248a4afe6a4394dbbba0cfd77a8) Importer(815301076,1909f56bfc062723c751e8b465ee728b)
Start importing Assets/PolygonWestern/Models/SM_Prop_Sack_03.fbx using Guid(d4c05248a4afe6a4394dbbba0cfd77a8) Importer(815301076,1909f56bfc062723c751e8b465ee728b)  -> (artifact id: '4bde62444935b0502843281db68f2ea4') in 0.025452 seconds
Number of updated asset objects reloaded before import = 0
Number of asset objects unloaded after import = 7
========================================================================
Received Import Request.
  Time since last request: 0.000077 seconds.
  path: Assets/PolygonWestern/Models/SM_Prop_Rope_Hanging_01.fbx
  artifactKey: Guid(30eb3a54d33e072489df33b40ed1af7c) Importer(815301076,1909f56bfc062723c751e8b465ee728b)
Start importing Assets/PolygonWestern/Models/SM_Prop_Rope_Hanging_01.fbx using Guid(30eb3a54d33e072489df33b40ed1af7c) Importer(815301076,1909f56bfc062723c751e8b465ee728b)  -> (artifact id: '6733d02eeb275ad9754f1cce6c992372') in 0.020818 seconds
Number of updated asset objects reloaded before import = 0
Number of asset objects unloaded after import = 7
========================================================================
Received Import Request.
  Time since last request: 0.000127 seconds.
  path: Assets/PolygonWestern/Models/SM_Prop_Poker_Chip_03.fbx
  artifactKey: Guid(085aca416ad42234ba8b9084399e297b) Importer(815301076,1909f56bfc062723c751e8b465ee728b)
Start importing Assets/PolygonWestern/Models/SM_Prop_Poker_Chip_03.fbx using Guid(085aca416ad42234ba8b9084399e297b) Importer(815301076,1909f56bfc062723c751e8b465ee728b)  -> (artifact id: '2d20ae5732b48838dc513c5a79033b56') in 0.021082 seconds
Number of updated asset objects reloaded before import = 0
Number of asset objects unloaded after import = 7
========================================================================
Received Import Request.
  Time since last request: 0.000091 seconds.
  path: Assets/PolygonWestern/Models/SM_Prop_Piano_Seat_01.fbx
  artifactKey: Guid(43d8157d9d21ded41adaf0585470891c) Importer(815301076,1909f56bfc062723c751e8b465ee728b)
Start importing Assets/PolygonWestern/Models/SM_Prop_Piano_Seat_01.fbx using Guid(43d8157d9d21ded41adaf0585470891c) Importer(815301076,1909f56bfc062723c751e8b465ee728b)  -> (artifact id: 'ab87a0248698e620ae0bc3b48a9e26aa') in 0.021068 seconds
Number of updated asset objects reloaded before import = 0
Number of asset objects unloaded after import = 7
========================================================================
Received Import Request.
  Time since last request: 0.000021 seconds.
  path: Assets/PolygonWestern/Models/SM_Prop_Saddle_01.fbx
  artifactKey: Guid(912f69d646dad8540990a437c64980cc) Importer(815301076,1909f56bfc062723c751e8b465ee728b)
Start importing Assets/PolygonWestern/Models/SM_Prop_Saddle_01.fbx using Guid(912f69d646dad8540990a437c64980cc) Importer(815301076,1909f56bfc062723c751e8b465ee728b)  -> (artifact id: '79d1f9132038a2484bc9ef9b243dea38') in 0.020357 seconds
Number of updated asset objects reloaded before import = 0
Number of asset objects unloaded after import = 7
========================================================================
Received Import Request.
  Time since last request: 0.000025 seconds.
  path: Assets/PolygonWestern/Models/SM_Prop_MessageBoard.fbx
  artifactKey: Guid(de79942d2ac9d1d4ea7ec19b721348c2) Importer(815301076,1909f56bfc062723c751e8b465ee728b)
Start importing Assets/PolygonWestern/Models/SM_Prop_MessageBoard.fbx using Guid(de79942d2ac9d1d4ea7ec19b721348c2) Importer(815301076,1909f56bfc062723c751e8b465ee728b)  -> (artifact id: '60bb0188b73148514d9207b69359c7a8') in 0.021399 seconds
Number of updated asset objects reloaded before import = 0
Number of asset objects unloaded after import = 7
========================================================================
Received Import Request.
  Time since last request: 0.000166 seconds.
  path: Assets/PolygonWestern/Models/SM_Prop_Table_Small_01.fbx
  artifactKey: Guid(6e6e2c0cdf01c6c418fc5008458a11ff) Importer(815301076,1909f56bfc062723c751e8b465ee728b)
Start importing Assets/PolygonWestern/Models/SM_Prop_Table_Small_01.fbx using Guid(6e6e2c0cdf01c6c418fc5008458a11ff) Importer(815301076,1909f56bfc062723c751e8b465ee728b)  -> (artifact id: '3ea5c46d95f05a3611ea1252e75dc0fe') in 0.020090 seconds
Number of updated asset objects reloaded before import = 0
Number of asset objects unloaded after import = 7
========================================================================
Received Import Request.
  Time since last request: 0.000090 seconds.
  path: Assets/PolygonWestern/Models/SM_Prop_PokerTable_01.fbx
  artifactKey: Guid(6e1fd8a794f1a944293a36f979d9d5e1) Importer(815301076,1909f56bfc062723c751e8b465ee728b)
Start importing Assets/PolygonWestern/Models/SM_Prop_PokerTable_01.fbx using Guid(6e1fd8a794f1a944293a36f979d9d5e1) Importer(815301076,1909f56bfc062723c751e8b465ee728b)  -> (artifact id: '7ba37e464e9681e4fb60d4ee6f4a243c') in 0.022771 seconds
Number of updated asset objects reloaded before import = 0
Number of asset objects unloaded after import = 7
========================================================================
Received Import Request.
  Time since last request: 0.000017 seconds.
  path: Assets/PolygonWestern/Models/SM_Prop_RoadSign_01.fbx
  artifactKey: Guid(95204484a97df824ea551f8a6cd1151e) Importer(815301076,1909f56bfc062723c751e8b465ee728b)
Start importing Assets/PolygonWestern/Models/SM_Prop_RoadSign_01.fbx using Guid(95204484a97df824ea551f8a6cd1151e) Importer(815301076,1909f56bfc062723c751e8b465ee728b)  -> (artifact id: '176d4da93e2d8d9f199335837ff598de') in 0.020415 seconds
Number of updated asset objects reloaded before import = 0
Number of asset objects unloaded after import = 7
========================================================================
Received Import Request.
  Time since last request: 0.000021 seconds.
  path: Assets/PolygonWestern/Models/SM_Prop_Rope_01.fbx
  artifactKey: Guid(fec4589b13ba5c44bbdd4ae91470ff0f) Importer(815301076,1909f56bfc062723c751e8b465ee728b)
Start importing Assets/PolygonWestern/Models/SM_Prop_Rope_01.fbx using Guid(fec4589b13ba5c44bbdd4ae91470ff0f) Importer(815301076,1909f56bfc062723c751e8b465ee728b)  -> (artifact id: '540942e0470ca4ccda3eb7a90423b016') in 0.022139 seconds
Number of updated asset objects reloaded before import = 0
Number of asset objects unloaded after import = 7
========================================================================
Received Import Request.
  Time since last request: 0.000019 seconds.
  path: Assets/PolygonWestern/Models/SM_Prop_Rope_02.fbx
  artifactKey: Guid(3f42a40fa6681d14daa1ef7194c96a83) Importer(815301076,1909f56bfc062723c751e8b465ee728b)
Start importing Assets/PolygonWestern/Models/SM_Prop_Rope_02.fbx using Guid(3f42a40fa6681d14daa1ef7194c96a83) Importer(815301076,1909f56bfc062723c751e8b465ee728b)  -> (artifact id: '7a6f70dddc8ef743098a9c597da1800f') in 0.017613 seconds
Number of updated asset objects reloaded before import = 0
Number of asset objects unloaded after import = 7
