Using pre-set license
Built from '2022.3/staging' branch; Version is '2022.3.27f1 (73effa14754f) revision 7598074'; Using compiler version '192829333'; Build Type 'Release'
OS: 'Windows 11  (10.0.22631) 64bit Core' Language: 'en' Physical Memory: 32452 MB
BatchMode: 1, IsHumanControllingUs: 0, StartBugReporterOnCrash: 0, Is64bit: 1, IsPro: 1

COMMAND LINE ARGUMENTS:
C:\Program Files\Unity 2022.3.27f1\Editor\Unity.exe
-adb2
-batchMode
-noUpm
-name
AssetImportWorker1
-projectPath
C:/Users/lukas/Documents/CS3540/SpaghettiWestern/3540 Final
-logFile
Logs/AssetImportWorker1.log
-srvPort
63367
Successfully changed project path to: C:/Users/lukas/Documents/CS3540/SpaghettiWestern/3540 Final
C:/Users/lukas/Documents/CS3540/SpaghettiWestern/3540 Final
[UnityMemory] Configuration Parameters - Can be set up in boot.config
    "memorysetup-bucket-allocator-granularity=16"
    "memorysetup-bucket-allocator-bucket-count=8"
    "memorysetup-bucket-allocator-block-size=33554432"
    "memorysetup-bucket-allocator-block-count=8"
    "memorysetup-main-allocator-block-size=16777216"
    "memorysetup-thread-allocator-block-size=16777216"
    "memorysetup-gfx-main-allocator-block-size=16777216"
    "memorysetup-gfx-thread-allocator-block-size=16777216"
    "memorysetup-cache-allocator-block-size=4194304"
    "memorysetup-typetree-allocator-block-size=2097152"
    "memorysetup-profiler-bucket-allocator-granularity=16"
    "memorysetup-profiler-bucket-allocator-bucket-count=8"
    "memorysetup-profiler-bucket-allocator-block-size=33554432"
    "memorysetup-profiler-bucket-allocator-block-count=8"
    "memorysetup-profiler-allocator-block-size=16777216"
    "memorysetup-profiler-editor-allocator-block-size=1048576"
    "memorysetup-temp-allocator-size-main=16777216"
    "memorysetup-job-temp-allocator-block-size=2097152"
    "memorysetup-job-temp-allocator-block-size-background=1048576"
    "memorysetup-job-temp-allocator-reduction-small-platforms=262144"
    "memorysetup-allocator-temp-initial-block-size-main=262144"
    "memorysetup-allocator-temp-initial-block-size-worker=262144"
    "memorysetup-temp-allocator-size-background-worker=32768"
    "memorysetup-temp-allocator-size-job-worker=262144"
    "memorysetup-temp-allocator-size-preload-manager=33554432"
    "memorysetup-temp-allocator-size-nav-mesh-worker=65536"
    "memorysetup-temp-allocator-size-audio-worker=65536"
    "memorysetup-temp-allocator-size-cloud-worker=32768"
    "memorysetup-temp-allocator-size-gi-baking-worker=262144"
    "memorysetup-temp-allocator-size-gfx=262144"
Player connection [63508] Host "[IP] 192.168.1.134 [Port] 0 [Flags] 2 [Guid] 44800082 [EditorId] 44800082 [Version] 1048832 [Id] WindowsEditor(7,DESKTOP-IAOBBB9) [Debug] 1 [PackageName] WindowsEditor [ProjectName] Editor" joined multi-casting on [225.0.0.222:54997]...

Player connection [63508] Host "[IP] 192.168.1.134 [Port] 0 [Flags] 2 [Guid] 44800082 [EditorId] 44800082 [Version] 1048832 [Id] WindowsEditor(7,DESKTOP-IAOBBB9) [Debug] 1 [PackageName] WindowsEditor [ProjectName] Editor" joined alternative multi-casting on [225.0.0.222:34997]...

[Physics::Module] Initialized MultithreadedJobDispatcher with 19 workers.
Refreshing native plugins compatible for Editor in 10.96 ms, found 3 plugins.
Preloading 0 native plugins for Editor in 0.00 ms.
Initialize engine version: 2022.3.27f1 (73effa14754f)
[Subsystems] Discovering subsystems at path C:/Program Files/Unity 2022.3.27f1/Editor/Data/Resources/UnitySubsystems
[Subsystems] Discovering subsystems at path C:/Users/lukas/Documents/CS3540/SpaghettiWestern/3540 Final/Assets
GfxDevice: creating device client; threaded=0; jobified=0
Direct3D:
    Version:  Direct3D 11.0 [level 11.1]
    Renderer: NVIDIA GeForce RTX 3070 Ti Laptop GPU (ID=0x24e0)
    Vendor:   NVIDIA
    VRAM:     8032 MB
    Driver:   31.0.15.3623
Initialize mono
Mono path[0] = 'C:/Program Files/Unity 2022.3.27f1/Editor/Data/Managed'
Mono path[1] = 'C:/Program Files/Unity 2022.3.27f1/Editor/Data/MonoBleedingEdge/lib/mono/unityjit-win32'
Mono config path = 'C:/Program Files/Unity 2022.3.27f1/Editor/Data/MonoBleedingEdge/etc'
Using monoOptions --debugger-agent=transport=dt_socket,embedding=1,server=y,suspend=n,address=127.0.0.1:56656
Begin MonoManager ReloadAssembly
Registering precompiled unity dll's ...
Register platform support module: C:/Program Files/Unity 2022.3.27f1/Editor/Data/PlaybackEngines/WebGLSupport/UnityEditor.WebGL.Extensions.dll
Register platform support module: C:/Program Files/Unity 2022.3.27f1/Editor/Data/PlaybackEngines/WindowsStandaloneSupport/UnityEditor.WindowsStandalone.Extensions.dll
Registered in 0.006137 seconds.
- Loaded All Assemblies, in  0.347 seconds
Native extension for WindowsStandalone target not found
Native extension for WebGL target not found
Mono: successfully reloaded assembly
- Finished resetting the current domain, in  0.268 seconds
Domain Reload Profiling: 613ms
	BeginReloadAssembly (103ms)
		ExecutionOrderSort (0ms)
		DisableScriptedObjects (0ms)
		BackupInstance (0ms)
		ReleaseScriptingObjects (0ms)
		CreateAndSetChildDomain (1ms)
	RebuildCommonClasses (30ms)
	RebuildNativeTypeToScriptingClass (13ms)
	initialDomainReloadingComplete (58ms)
	LoadAllAssembliesAndSetupDomain (141ms)
		LoadAssemblies (101ms)
		RebuildTransferFunctionScriptingTraits (0ms)
		AnalyzeDomain (139ms)
			TypeCache.Refresh (137ms)
				TypeCache.ScanAssembly (123ms)
			ScanForSourceGeneratedMonoScriptInfo (1ms)
			ResolveRequiredComponents (1ms)
	FinalizeReload (268ms)
		ReleaseScriptCaches (0ms)
		RebuildScriptCaches (0ms)
		SetupLoadedEditorAssemblies (208ms)
			LogAssemblyErrors (0ms)
			InitializePlatformSupportModulesInManaged (8ms)
			SetLoadedEditorAssemblies (5ms)
			RefreshPlugins (0ms)
			BeforeProcessingInitializeOnLoad (3ms)
			ProcessInitializeOnLoadAttributes (143ms)
			ProcessInitializeOnLoadMethodAttributes (49ms)
			AfterProcessingInitializeOnLoad (0ms)
			EditorAssembliesLoaded (0ms)
		ExecutionOrderSort2 (0ms)
		AwakeInstancesAfterBackupRestoration (0ms)
========================================================================
Worker process is ready to serve import requests
Begin MonoManager ReloadAssembly
- Loaded All Assemblies, in  0.601 seconds
Refreshing native plugins compatible for Editor in 2.58 ms, found 3 plugins.
Native extension for WindowsStandalone target not found
Native extension for WebGL target not found
Package Manager log level set to [2]
[Package Manager] Server::EnsureServerProcessIsRunning -- launch failed, reason: Unity was launched with the -noUpm command-line argument
[Package Manager] UpmClient::Send -- Unable to send message (not connected to UPM process).
[Package Manager] Cannot connect to Unity Package Manager local server
Mono: successfully reloaded assembly
- Finished resetting the current domain, in  0.555 seconds
Domain Reload Profiling: 1154ms
	BeginReloadAssembly (154ms)
		ExecutionOrderSort (0ms)
		DisableScriptedObjects (5ms)
		BackupInstance (0ms)
		ReleaseScriptingObjects (0ms)
		CreateAndSetChildDomain (19ms)
	RebuildCommonClasses (32ms)
	RebuildNativeTypeToScriptingClass (11ms)
	initialDomainReloadingComplete (39ms)
	LoadAllAssembliesAndSetupDomain (363ms)
		LoadAssemblies (276ms)
		RebuildTransferFunctionScriptingTraits (0ms)
		AnalyzeDomain (169ms)
			TypeCache.Refresh (151ms)
				TypeCache.ScanAssembly (138ms)
			ScanForSourceGeneratedMonoScriptInfo (12ms)
			ResolveRequiredComponents (4ms)
	FinalizeReload (556ms)
		ReleaseScriptCaches (0ms)
		RebuildScriptCaches (0ms)
		SetupLoadedEditorAssemblies (412ms)
			LogAssemblyErrors (0ms)
			InitializePlatformSupportModulesInManaged (6ms)
			SetLoadedEditorAssemblies (4ms)
			RefreshPlugins (0ms)
			BeforeProcessingInitializeOnLoad (61ms)
			ProcessInitializeOnLoadAttributes (315ms)
			ProcessInitializeOnLoadMethodAttributes (19ms)
			AfterProcessingInitializeOnLoad (5ms)
			EditorAssembliesLoaded (0ms)
		ExecutionOrderSort2 (0ms)
		AwakeInstancesAfterBackupRestoration (7ms)
Launched and connected shader compiler UnityShaderCompiler.exe after 0.07 seconds
Refreshing native plugins compatible for Editor in 3.80 ms, found 3 plugins.
Preloading 0 native plugins for Editor in 0.00 ms.
Unloading 3102 Unused Serialized files (Serialized files now loaded: 0)
Unloading 33 unused Assets / (57.9 KB). Loaded Objects now: 3565.
Memory consumption went from 122.2 MB to 122.2 MB.
Total: 3.037300 ms (FindLiveObjects: 0.312900 ms CreateObjectMapping: 0.134100 ms MarkObjects: 2.458000 ms  DeleteObjects: 0.130900 ms)

AssetImportParameters requested are different than current active one (requested -> active):
  custom:container-demuxer-ogg: 62fdf1f143b41e24485cea50d1cbac27 -> 
  custom:video-codec-MediaFoundation-h265: 746d11721c4dcdbdad8f713fa42b33f4 -> 
  custom:video-decoder-ogg-theora: a1e56fd34408186e4bbccfd4996cb3dc -> 
  custom:framework-win-MediaFoundation: 216162199b28c13a410421893ffa2e32 -> 
  custom:CustomObjectIndexerAttribute: 9a22284fe3817be447336de3de66b15e -> 
  custom:container-demuxer-webm: 4f35f7cbe854078d1ac9338744f61a02 -> 
  custom:container-muxer-webm: aa71ff27fc2769a1b78a27578f13a17b -> 
  custom:video-decoder-webm-vp8: 9c59270c3fd7afecdb556c50c9e8de78 -> 
  custom:SearchIndexIgnoredProperties: e643bd26f0fe6173181afceb89e7c659 -> 
  custom:AudioImporter_EditorPlatform: d09bf68614088b80899f8185d706f6e7 -> 
  custom:video-encoder-webm-vp8: eb34c28f22e8b96e1ab97ce403110664 -> 
  custom:audio-decoder-ogg-vorbis: bf7c407c2cedff20999df2af8eb42d56 -> 
  custom:audio-encoder-webm-vorbis: bf7c407c2cedff20999df2af8eb42d56 -> 
========================================================================
Received Import Request.
  Time since last request: 266292.511214 seconds.
  path: Assets/PolygonWestern/Western_Generic_Post.asset
  artifactKey: Guid(c5822f636dfa87e4996754f630d802a2) Importer(815301076,1909f56bfc062723c751e8b465ee728b)
Start importing Assets/PolygonWestern/Western_Generic_Post.asset using Guid(c5822f636dfa87e4996754f630d802a2) Importer(815301076,1909f56bfc062723c751e8b465ee728b)  -> (artifact id: '6d23d3ee2ce666c32801cc84d69a712b') in 0.007316 seconds
Number of updated asset objects reloaded before import = 0
Number of asset objects unloaded after import = 1
========================================================================
Received Import Request.
  Time since last request: 1.525536 seconds.
  path: Assets/PolygonWestern/Prefabs/Weapons/SM_Wep_Revolver_02.prefab
  artifactKey: Guid(06d5955ec0ad0a647971bfeea7cd9f8a) Importer(815301076,1909f56bfc062723c751e8b465ee728b)
Start importing Assets/PolygonWestern/Prefabs/Weapons/SM_Wep_Revolver_02.prefab using Guid(06d5955ec0ad0a647971bfeea7cd9f8a) Importer(815301076,1909f56bfc062723c751e8b465ee728b)  -> (artifact id: 'f834f5b512ce18c8e9b22e58602f5a29') in 0.178440 seconds
Number of updated asset objects reloaded before import = 0
Number of asset objects unloaded after import = 26
========================================================================
Received Import Request.
  Time since last request: 55.438378 seconds.
  path: Assets/PolygonWestern/Models/SM_Prop_Tumbleweed_01.fbx
  artifactKey: Guid(7e51a4691982c9140a5cda4c8cdb2640) Importer(815301076,1909f56bfc062723c751e8b465ee728b)
Start importing Assets/PolygonWestern/Models/SM_Prop_Tumbleweed_01.fbx using Guid(7e51a4691982c9140a5cda4c8cdb2640) Importer(815301076,1909f56bfc062723c751e8b465ee728b)  -> (artifact id: '66f3f9c343c6ca76a2a6b4141c636f84') in 0.028083 seconds
Number of updated asset objects reloaded before import = 0
Number of asset objects unloaded after import = 7
========================================================================
Received Import Request.
  Time since last request: 0.000020 seconds.
  path: Assets/PolygonWestern/Models/SM_Prop_Vault_01.fbx
  artifactKey: Guid(8197efeb75895a447bcff31f37c837b1) Importer(815301076,1909f56bfc062723c751e8b465ee728b)
Start importing Assets/PolygonWestern/Models/SM_Prop_Vault_01.fbx using Guid(8197efeb75895a447bcff31f37c837b1) Importer(815301076,1909f56bfc062723c751e8b465ee728b)  -> (artifact id: 'b30896dce0c22091494b0970af4a87c5') in 0.026490 seconds
Number of updated asset objects reloaded before import = 0
Number of asset objects unloaded after import = 12
========================================================================
Received Import Request.
  Time since last request: 0.000098 seconds.
  path: Assets/PolygonWestern/Models/SM_Prop_Tumbleweed_02.fbx
  artifactKey: Guid(ab0ee7f7c5210e04aae4ac8eb44086d3) Importer(815301076,1909f56bfc062723c751e8b465ee728b)
Start importing Assets/PolygonWestern/Models/SM_Prop_Tumbleweed_02.fbx using Guid(ab0ee7f7c5210e04aae4ac8eb44086d3) Importer(815301076,1909f56bfc062723c751e8b465ee728b)  -> (artifact id: '17749b7cd7aac33d9a61cdae6cb37a49') in 0.023551 seconds
Number of updated asset objects reloaded before import = 0
Number of asset objects unloaded after import = 7
========================================================================
Received Import Request.
  Time since last request: 0.000014 seconds.
  path: Assets/PolygonWestern/Models/SM_Prop_Wood_Pile_03.fbx
  artifactKey: Guid(3e2f1344937a6bf4c9c17c46dc56f13e) Importer(815301076,1909f56bfc062723c751e8b465ee728b)
Start importing Assets/PolygonWestern/Models/SM_Prop_Wood_Pile_03.fbx using Guid(3e2f1344937a6bf4c9c17c46dc56f13e) Importer(815301076,1909f56bfc062723c751e8b465ee728b)  -> (artifact id: '23c78b22e71dc64301dd0b456d98224d') in 0.019369 seconds
Number of updated asset objects reloaded before import = 0
Number of asset objects unloaded after import = 7
========================================================================
Received Import Request.
  Time since last request: 0.000017 seconds.
  path: Assets/PolygonWestern/Models/SM_Prop_Vegetables_Box_04.fbx
  artifactKey: Guid(5620b099fc9c4964a895c2a591b0c10f) Importer(815301076,1909f56bfc062723c751e8b465ee728b)
Start importing Assets/PolygonWestern/Models/SM_Prop_Vegetables_Box_04.fbx using Guid(5620b099fc9c4964a895c2a591b0c10f) Importer(815301076,1909f56bfc062723c751e8b465ee728b)  -> (artifact id: 'ab9126e9356cb0a868df9da36238ddf3') in 0.020938 seconds
Number of updated asset objects reloaded before import = 0
Number of asset objects unloaded after import = 7
========================================================================
Received Import Request.
  Time since last request: 0.000018 seconds.
  path: Assets/PolygonWestern/Models/SM_Prop_Wood_Pile_01.fbx
  artifactKey: Guid(4ca3f9a3da21db346845f2c3d64a99db) Importer(815301076,1909f56bfc062723c751e8b465ee728b)
Start importing Assets/PolygonWestern/Models/SM_Prop_Wood_Pile_01.fbx using Guid(4ca3f9a3da21db346845f2c3d64a99db) Importer(815301076,1909f56bfc062723c751e8b465ee728b)  -> (artifact id: 'bda8363d4d88839929b8f21a964df4e7') in 0.021689 seconds
Number of updated asset objects reloaded before import = 0
Number of asset objects unloaded after import = 7
========================================================================
Received Import Request.
  Time since last request: 0.000014 seconds.
  path: Assets/PolygonWestern/Models/SM_Prop_Vegetables_Box_02.fbx
  artifactKey: Guid(0b3e6d8652f02524f8e53d0a7a4563a3) Importer(815301076,1909f56bfc062723c751e8b465ee728b)
Start importing Assets/PolygonWestern/Models/SM_Prop_Vegetables_Box_02.fbx using Guid(0b3e6d8652f02524f8e53d0a7a4563a3) Importer(815301076,1909f56bfc062723c751e8b465ee728b)  -> (artifact id: 'aac8c63470d7ad08ba1c4c3a1fbd4cb7') in 0.021774 seconds
Number of updated asset objects reloaded before import = 0
Number of asset objects unloaded after import = 7
========================================================================
Received Import Request.
  Time since last request: 0.000015 seconds.
  path: Assets/PolygonWestern/Models/SM_Prop_Water_Tower_01.fbx
  artifactKey: Guid(4cbc670f5ae477a4bb1ab8e8ffa7e439) Importer(815301076,1909f56bfc062723c751e8b465ee728b)
Start importing Assets/PolygonWestern/Models/SM_Prop_Water_Tower_01.fbx using Guid(4cbc670f5ae477a4bb1ab8e8ffa7e439) Importer(815301076,1909f56bfc062723c751e8b465ee728b)  -> (artifact id: '89af8453ef862a22247622bcdc0feea6') in 0.018391 seconds
Number of updated asset objects reloaded before import = 0
Number of asset objects unloaded after import = 7
========================================================================
Received Import Request.
  Time since last request: 0.000017 seconds.
  path: Assets/PolygonWestern/Models/SM_Prop_Wood_Pile_02.fbx
  artifactKey: Guid(75a70f9b12afdb54f8567e541a13afcb) Importer(815301076,1909f56bfc062723c751e8b465ee728b)
Start importing Assets/PolygonWestern/Models/SM_Prop_Wood_Pile_02.fbx using Guid(75a70f9b12afdb54f8567e541a13afcb) Importer(815301076,1909f56bfc062723c751e8b465ee728b)  -> (artifact id: 'c29af1cbd663fde072fa441d9f7b0999') in 0.021272 seconds
Number of updated asset objects reloaded before import = 0
Number of asset objects unloaded after import = 7
========================================================================
Received Import Request.
  Time since last request: 0.000082 seconds.
  path: Assets/PolygonWestern/Models/SM_Prop_Vegetables_Box_05.fbx
  artifactKey: Guid(e4b2baf3b3a823f4d836ad447dd58385) Importer(815301076,1909f56bfc062723c751e8b465ee728b)
Start importing Assets/PolygonWestern/Models/SM_Prop_Vegetables_Box_05.fbx using Guid(e4b2baf3b3a823f4d836ad447dd58385) Importer(815301076,1909f56bfc062723c751e8b465ee728b)  -> (artifact id: 'f9e42cf3dda0f910501c0e6325d95e96') in 0.022241 seconds
Number of updated asset objects reloaded before import = 0
Number of asset objects unloaded after import = 7
========================================================================
Received Import Request.
  Time since last request: 0.000016 seconds.
  path: Assets/PolygonWestern/Models/SM_Prop_Wood_Pile_04.fbx
  artifactKey: Guid(95001ddb25d5b134fb01102228c2477d) Importer(815301076,1909f56bfc062723c751e8b465ee728b)
Start importing Assets/PolygonWestern/Models/SM_Prop_Wood_Pile_04.fbx using Guid(95001ddb25d5b134fb01102228c2477d) Importer(815301076,1909f56bfc062723c751e8b465ee728b)  -> (artifact id: 'cc7ad4daa2dc87d4d33e01714f1ce89a') in 0.019953 seconds
Number of updated asset objects reloaded before import = 0
Number of asset objects unloaded after import = 7
========================================================================
Received Import Request.
  Time since last request: 0.000023 seconds.
  path: Assets/PolygonWestern/Models/SM_Prop_Vegetables_Box_01.fbx
  artifactKey: Guid(42033af3e57c199419fcbf23e12af7fd) Importer(815301076,1909f56bfc062723c751e8b465ee728b)
Start importing Assets/PolygonWestern/Models/SM_Prop_Vegetables_Box_01.fbx using Guid(42033af3e57c199419fcbf23e12af7fd) Importer(815301076,1909f56bfc062723c751e8b465ee728b)  -> (artifact id: 'aa0276c75c698d38eeff4a23000c243a') in 0.023003 seconds
Number of updated asset objects reloaded before import = 0
Number of asset objects unloaded after import = 7
========================================================================
Received Import Request.
  Time since last request: 1928.179056 seconds.
  path: Assets/PolygonWestern/Models/SM_Prop_Loghalf_02.fbx
  artifactKey: Guid(c90508e263abfb94d9b5dfa0213fda4a) Importer(815301076,1909f56bfc062723c751e8b465ee728b)
Start importing Assets/PolygonWestern/Models/SM_Prop_Loghalf_02.fbx using Guid(c90508e263abfb94d9b5dfa0213fda4a) Importer(815301076,1909f56bfc062723c751e8b465ee728b)  -> (artifact id: '365dea659bb18438df425c5abcca6a4c') in 0.031356 seconds
Number of updated asset objects reloaded before import = 0
Number of asset objects unloaded after import = 7
========================================================================
Received Import Request.
  Time since last request: 0.000051 seconds.
  path: Assets/PolygonWestern/Models/SM_Prop_Sack_04.fbx
  artifactKey: Guid(4473ec1dd74f8444aba5c404a385275e) Importer(815301076,1909f56bfc062723c751e8b465ee728b)
Start importing Assets/PolygonWestern/Models/SM_Prop_Sack_04.fbx using Guid(4473ec1dd74f8444aba5c404a385275e) Importer(815301076,1909f56bfc062723c751e8b465ee728b)  -> (artifact id: '9fea52872fa3f2857d8244f4d6e89a0c') in 0.027887 seconds
Number of updated asset objects reloaded before import = 0
Number of asset objects unloaded after import = 7
========================================================================
Received Import Request.
  Time since last request: 0.000015 seconds.
  path: Assets/PolygonWestern/Models/SM_Prop_Stick_02.fbx
  artifactKey: Guid(005d0e436e6fa074a9ed36374c7200dd) Importer(815301076,1909f56bfc062723c751e8b465ee728b)
Start importing Assets/PolygonWestern/Models/SM_Prop_Stick_02.fbx using Guid(005d0e436e6fa074a9ed36374c7200dd) Importer(815301076,1909f56bfc062723c751e8b465ee728b)  -> (artifact id: 'acaf0c07024944db5922316e9875954c') in 0.023932 seconds
Number of updated asset objects reloaded before import = 0
Number of asset objects unloaded after import = 7
========================================================================
Received Import Request.
  Time since last request: 0.000028 seconds.
  path: Assets/PolygonWestern/Models/SM_Prop_Map_02.fbx
  artifactKey: Guid(2ba7621e5f4a2f344b79b03fdd4d73a7) Importer(815301076,1909f56bfc062723c751e8b465ee728b)
Start importing Assets/PolygonWestern/Models/SM_Prop_Map_02.fbx using Guid(2ba7621e5f4a2f344b79b03fdd4d73a7) Importer(815301076,1909f56bfc062723c751e8b465ee728b)  -> (artifact id: 'db9014f3fb9fcb84c040b7bea4177e73') in 0.019047 seconds
Number of updated asset objects reloaded before import = 0
Number of asset objects unloaded after import = 7
========================================================================
Received Import Request.
  Time since last request: 0.000096 seconds.
  path: Assets/PolygonWestern/Models/SM_Prop_Sack_02.fbx
  artifactKey: Guid(5cd867e183af02c4ba17a56707b5840c) Importer(815301076,1909f56bfc062723c751e8b465ee728b)
Start importing Assets/PolygonWestern/Models/SM_Prop_Sack_02.fbx using Guid(5cd867e183af02c4ba17a56707b5840c) Importer(815301076,1909f56bfc062723c751e8b465ee728b)  -> (artifact id: '044dbd9a69e5db2eef347cbc6c48ce7b') in 0.031369 seconds
Number of updated asset objects reloaded before import = 0
Number of asset objects unloaded after import = 7
========================================================================
Received Import Request.
  Time since last request: 0.000023 seconds.
  path: Assets/PolygonWestern/Models/SM_Prop_Tin_01.fbx
  artifactKey: Guid(1551e462ef0504b4cb3ab57e6b40409e) Importer(815301076,1909f56bfc062723c751e8b465ee728b)
Start importing Assets/PolygonWestern/Models/SM_Prop_Tin_01.fbx using Guid(1551e462ef0504b4cb3ab57e6b40409e) Importer(815301076,1909f56bfc062723c751e8b465ee728b)  -> (artifact id: '117a7bdd1df6ca5b9968b01362832706') in 0.024597 seconds
Number of updated asset objects reloaded before import = 0
Number of asset objects unloaded after import = 7
========================================================================
Received Import Request.
  Time since last request: 0.000216 seconds.
  path: Assets/PolygonWestern/Models/SM_Prop_Milk_Container_01.fbx
  artifactKey: Guid(aeaa6fa694beb6b4290aef6ae39fcedf) Importer(815301076,1909f56bfc062723c751e8b465ee728b)
Start importing Assets/PolygonWestern/Models/SM_Prop_Milk_Container_01.fbx using Guid(aeaa6fa694beb6b4290aef6ae39fcedf) Importer(815301076,1909f56bfc062723c751e8b465ee728b)  -> (artifact id: '5ee3a80b896fb8f40a1f9614e2c78dd6') in 0.022587 seconds
Number of updated asset objects reloaded before import = 0
Number of asset objects unloaded after import = 7
========================================================================
Received Import Request.
  Time since last request: 0.000109 seconds.
  path: Assets/PolygonWestern/Models/SM_Prop_Piano_01.fbx
  artifactKey: Guid(8b4ba10810b8e774382db13f0fdb5452) Importer(815301076,1909f56bfc062723c751e8b465ee728b)
Start importing Assets/PolygonWestern/Models/SM_Prop_Piano_01.fbx using Guid(8b4ba10810b8e774382db13f0fdb5452) Importer(815301076,1909f56bfc062723c751e8b465ee728b)  -> (artifact id: '3d4828bbca0ebf81fc948f983db0753d') in 0.023926 seconds
Number of updated asset objects reloaded before import = 0
Number of asset objects unloaded after import = 7
========================================================================
Received Import Request.
  Time since last request: 0.000083 seconds.
  path: Assets/PolygonWestern/Models/SM_Prop_Pot_01.fbx
  artifactKey: Guid(0f4303ba898293e46840ee2e338e5503) Importer(815301076,1909f56bfc062723c751e8b465ee728b)
Start importing Assets/PolygonWestern/Models/SM_Prop_Pot_01.fbx using Guid(0f4303ba898293e46840ee2e338e5503) Importer(815301076,1909f56bfc062723c751e8b465ee728b)  -> (artifact id: '299aac5e8be842b4d5bc4f375a0063a7') in 0.025973 seconds
Number of updated asset objects reloaded before import = 0
Number of asset objects unloaded after import = 7
========================================================================
Received Import Request.
  Time since last request: 0.000020 seconds.
  path: Assets/PolygonWestern/Models/SM_Prop_Stick_01.fbx
  artifactKey: Guid(b953fc566355b7840ab63016a99ef34b) Importer(815301076,1909f56bfc062723c751e8b465ee728b)
Start importing Assets/PolygonWestern/Models/SM_Prop_Stick_01.fbx using Guid(b953fc566355b7840ab63016a99ef34b) Importer(815301076,1909f56bfc062723c751e8b465ee728b)  -> (artifact id: 'dbea9769df160afa579e1712efbbfd0d') in 0.020925 seconds
Number of updated asset objects reloaded before import = 0
Number of asset objects unloaded after import = 7
========================================================================
Received Import Request.
  Time since last request: 0.000124 seconds.
  path: Assets/PolygonWestern/Models/SM_Prop_Suitcase_01.fbx
  artifactKey: Guid(3cb202f261216ba45bda782f346bc538) Importer(815301076,1909f56bfc062723c751e8b465ee728b)
Start importing Assets/PolygonWestern/Models/SM_Prop_Suitcase_01.fbx using Guid(3cb202f261216ba45bda782f346bc538) Importer(815301076,1909f56bfc062723c751e8b465ee728b)  -> (artifact id: 'f9005862414b0703976fe1cc33acbfab') in 0.034051 seconds
Number of updated asset objects reloaded before import = 0
Number of asset objects unloaded after import = 12
========================================================================
Received Import Request.
  Time since last request: 0.000018 seconds.
  path: Assets/PolygonWestern/Models/SM_Prop_Table_01.fbx
  artifactKey: Guid(a8d3c6ee3b299bf4dbe071d0790c3994) Importer(815301076,1909f56bfc062723c751e8b465ee728b)
Start importing Assets/PolygonWestern/Models/SM_Prop_Table_01.fbx using Guid(a8d3c6ee3b299bf4dbe071d0790c3994) Importer(815301076,1909f56bfc062723c751e8b465ee728b)  -> (artifact id: '640ef6dcd439fbd33fd666a779c65408') in 0.021485 seconds
Number of updated asset objects reloaded before import = 0
Number of asset objects unloaded after import = 7
========================================================================
Received Import Request.
  Time since last request: 0.000017 seconds.
  path: Assets/PolygonWestern/Models/SM_Prop_Stick_Bundle_01.fbx
  artifactKey: Guid(d69ddbfccbc1203438fc6b0bcaba8b7f) Importer(815301076,1909f56bfc062723c751e8b465ee728b)
Start importing Assets/PolygonWestern/Models/SM_Prop_Stick_Bundle_01.fbx using Guid(d69ddbfccbc1203438fc6b0bcaba8b7f) Importer(815301076,1909f56bfc062723c751e8b465ee728b)  -> (artifact id: '5d15daf4eb118674a615765b57fdbb2a') in 0.021604 seconds
Number of updated asset objects reloaded before import = 0
Number of asset objects unloaded after import = 7
========================================================================
Received Import Request.
  Time since last request: 0.000018 seconds.
  path: Assets/PolygonWestern/Models/SM_Prop_Shelf_01.fbx
  artifactKey: Guid(b4ef2cfe3c1043c4c942c0a896a04cfb) Importer(815301076,1909f56bfc062723c751e8b465ee728b)
Start importing Assets/PolygonWestern/Models/SM_Prop_Shelf_01.fbx using Guid(b4ef2cfe3c1043c4c942c0a896a04cfb) Importer(815301076,1909f56bfc062723c751e8b465ee728b)  -> (artifact id: 'a1fd28d8f4b22b350b9bc0721d8db877') in 0.026373 seconds
Number of updated asset objects reloaded before import = 0
Number of asset objects unloaded after import = 7
========================================================================
Received Import Request.
  Time since last request: 0.000059 seconds.
  path: Assets/PolygonWestern/Models/SM_Prop_Map_01.fbx
  artifactKey: Guid(7b1de5e8fb98e0f4e8f90da85c8a55a8) Importer(815301076,1909f56bfc062723c751e8b465ee728b)
Start importing Assets/PolygonWestern/Models/SM_Prop_Map_01.fbx using Guid(7b1de5e8fb98e0f4e8f90da85c8a55a8) Importer(815301076,1909f56bfc062723c751e8b465ee728b)  -> (artifact id: '3f2b31bdf4c8dff67f775458ba01e38d') in 0.021660 seconds
Number of updated asset objects reloaded before import = 0
Number of asset objects unloaded after import = 7
========================================================================
Received Import Request.
  Time since last request: 0.000019 seconds.
  path: Assets/PolygonWestern/Models/SM_Prop_Tin_02.fbx
  artifactKey: Guid(78d28978f1e9a23428bf14e3a2d40778) Importer(815301076,1909f56bfc062723c751e8b465ee728b)
Start importing Assets/PolygonWestern/Models/SM_Prop_Tin_02.fbx using Guid(78d28978f1e9a23428bf14e3a2d40778) Importer(815301076,1909f56bfc062723c751e8b465ee728b)  -> (artifact id: '95c276b3482f86817fa9a41d962023b2') in 0.022817 seconds
Number of updated asset objects reloaded before import = 0
Number of asset objects unloaded after import = 7
========================================================================
Received Import Request.
  Time since last request: 0.000020 seconds.
  path: Assets/PolygonWestern/Models/SM_Prop_Stool_01.fbx
  artifactKey: Guid(2d5018607db3ddf4cba2787df6ac6a1a) Importer(815301076,1909f56bfc062723c751e8b465ee728b)
Start importing Assets/PolygonWestern/Models/SM_Prop_Stool_01.fbx using Guid(2d5018607db3ddf4cba2787df6ac6a1a) Importer(815301076,1909f56bfc062723c751e8b465ee728b)  -> (artifact id: '7cedb4b671593ff776c79eb3b61ec816') in 0.022094 seconds
Number of updated asset objects reloaded before import = 0
Number of asset objects unloaded after import = 7
========================================================================
Received Import Request.
  Time since last request: 0.000024 seconds.
  path: Assets/PolygonWestern/Models/SM_Prop_Poker_Chip_01.fbx
  artifactKey: Guid(b6d14e1453db57949bdbae2107545856) Importer(815301076,1909f56bfc062723c751e8b465ee728b)
Start importing Assets/PolygonWestern/Models/SM_Prop_Poker_Chip_01.fbx using Guid(b6d14e1453db57949bdbae2107545856) Importer(815301076,1909f56bfc062723c751e8b465ee728b)  -> (artifact id: '6472ab29dc2a8500b83e7a59daeb892b') in 0.010227 seconds
Number of updated asset objects reloaded before import = 0
Number of asset objects unloaded after import = 7
========================================================================
Received Import Request.
  Time since last request: 0.000019 seconds.
  path: Assets/PolygonWestern/Models/SM_Prop_Poker_Chip_02.fbx
  artifactKey: Guid(30a5b2ce8fbfe0644976ea5dd14517ff) Importer(815301076,1909f56bfc062723c751e8b465ee728b)
Start importing Assets/PolygonWestern/Models/SM_Prop_Poker_Chip_02.fbx using Guid(30a5b2ce8fbfe0644976ea5dd14517ff) Importer(815301076,1909f56bfc062723c751e8b465ee728b)  -> (artifact id: 'acc2ef94c66e782f896d4b0c76cffb1b') in 0.010895 seconds
Number of updated asset objects reloaded before import = 0
Number of asset objects unloaded after import = 7
